Determining if the pthread_create exist failed with the following output:
Change Dir: /media/crinklecut/Windows/Users/charl/Documents/Project_Nomad/build/CMakeFiles/CMakeTmp

Run Build Command:"/usr/bin/make" "cmTC_8dc48/fast"
/usr/bin/make -f CMakeFiles/cmTC_8dc48.dir/build.make CMakeFiles/cmTC_8dc48.dir/build
make[1]: Entering directory '/media/crinklecut/Windows/Users/charl/Documents/Project_Nomad/build/CMakeFiles/CMakeTmp'
Building C object CMakeFiles/cmTC_8dc48.dir/CheckSymbolExists.c.o
/usr/bin/cc     -o CMakeFiles/cmTC_8dc48.dir/CheckSymbolExists.c.o   -c /media/crinklecut/Windows/Users/charl/Documents/Project_Nomad/build/CMakeFiles/CMakeTmp/CheckSymbolExists.c
Linking C executable cmTC_8dc48
/usr/bin/cmake -E cmake_link_script CMakeFiles/cmTC_8dc48.dir/link.txt --verbose=1
/usr/bin/cc       CMakeFiles/cmTC_8dc48.dir/CheckSymbolExists.c.o  -o cmTC_8dc48 -rdynamic 
CMakeFiles/cmTC_8dc48.dir/CheckSymbolExists.c.o: In function `main':
CheckSymbolExists.c:(.text+0x16): undefined reference to `pthread_create'
collect2: error: ld returned 1 exit status
CMakeFiles/cmTC_8dc48.dir/build.make:97: recipe for target 'cmTC_8dc48' failed
make[1]: *** [cmTC_8dc48] Error 1
make[1]: Leaving directory '/media/crinklecut/Windows/Users/charl/Documents/Project_Nomad/build/CMakeFiles/CMakeTmp'
Makefile:126: recipe for target 'cmTC_8dc48/fast' failed
make: *** [cmTC_8dc48/fast] Error 2

File /media/crinklecut/Windows/Users/charl/Documents/Project_Nomad/build/CMakeFiles/CMakeTmp/CheckSymbolExists.c:
/* */
#include <pthread.h>

int main(int argc, char** argv)
{
  (void)argv;
#ifndef pthread_create
  return ((int*)(&pthread_create))[argc];
#else
  (void)argc;
  return 0;
#endif
}

Determining if the function pthread_create exists in the pthreads failed with the following output:
Change Dir: /media/crinklecut/Windows/Users/charl/Documents/Project_Nomad/build/CMakeFiles/CMakeTmp

Run Build Command:"/usr/bin/make" "cmTC_456ee/fast"
/usr/bin/make -f CMakeFiles/cmTC_456ee.dir/build.make CMakeFiles/cmTC_456ee.dir/build
make[1]: Entering directory '/media/crinklecut/Windows/Users/charl/Documents/Project_Nomad/build/CMakeFiles/CMakeTmp'
Building C object CMakeFiles/cmTC_456ee.dir/CheckFunctionExists.c.o
/usr/bin/cc    -DCHECK_FUNCTION_EXISTS=pthread_create   -o CMakeFiles/cmTC_456ee.dir/CheckFunctionExists.c.o   -c /usr/share/cmake-3.5/Modules/CheckFunctionExists.c
Linking C executable cmTC_456ee
/usr/bin/cmake -E cmake_link_script CMakeFiles/cmTC_456ee.dir/link.txt --verbose=1
/usr/bin/cc   -DCHECK_FUNCTION_EXISTS=pthread_create    CMakeFiles/cmTC_456ee.dir/CheckFunctionExists.c.o  -o cmTC_456ee -rdynamic -lpthreads 
/usr/bin/ld: cannot find -lpthreads
collect2: error: ld returned 1 exit status
CMakeFiles/cmTC_456ee.dir/build.make:97: recipe for target 'cmTC_456ee' failed
make[1]: *** [cmTC_456ee] Error 1
make[1]: Leaving directory '/media/crinklecut/Windows/Users/charl/Documents/Project_Nomad/build/CMakeFiles/CMakeTmp'
Makefile:126: recipe for target 'cmTC_456ee/fast' failed
make: *** [cmTC_456ee/fast] Error 2


